This file contains any messages produced by compilers while
running configure, to aid debugging if configure makes a mistake.

It was created by AIM configure 0.2, which was
generated by GNU Autoconf 2.69.  Invocation command line was

  $ ./configure --host=i386-pc-elf MACH=pc ARCH=i386

## --------- ##
## Platform. ##
## --------- ##

hostname = wudeyu-Dell-System-Inspiron-N4120
uname -m = x86_64
uname -r = 3.19.0-68-generic
uname -s = Linux
uname -v = #76~14.04.1-Ubuntu SMP Fri Aug 12 11:46:25 UTC 2016

/usr/bin/uname -p = unknown
/bin/uname -X     = unknown

/bin/arch              = unknown
/usr/bin/arch -k       = unknown
/usr/convex/getsysinfo = unknown
/usr/bin/hostinfo      = unknown
/bin/machine           = unknown
/usr/bin/oslevel       = unknown
/bin/universe          = unknown

PATH: /usr/local/sbin
PATH: /usr/local/bin
PATH: /usr/sbin
PATH: /usr/bin
PATH: /sbin
PATH: /bin
PATH: /usr/games
PATH: /usr/local/games
PATH: /home/wudeyu/cross/bin


## ----------- ##
## Core tests. ##
## ----------- ##

configure:2401: checking for a BSD-compatible install
configure:2469: result: /usr/bin/install -c
configure:2480: checking whether build environment is sane
configure:2535: result: yes
configure:2594: checking for i386-pc-elf-strip
configure:2610: found /home/wudeyu/cross/bin/i386-pc-elf-strip
configure:2621: result: i386-pc-elf-strip
configure:2686: checking for a thread-safe mkdir -p
configure:2725: result: /bin/mkdir -p
configure:2732: checking for gawk
configure:2762: result: no
configure:2732: checking for mawk
configure:2748: found /usr/bin/mawk
configure:2759: result: mawk
configure:2770: checking whether make sets $(MAKE)
configure:2792: result: yes
configure:2821: checking whether make supports nested variables
configure:2838: result: yes
configure:2974: checking whether make supports nested variables
configure:2991: result: yes
configure:3016: checking for i386-pc-elf-gcc
configure:3032: found /home/wudeyu/cross/bin/i386-pc-elf-gcc
configure:3043: result: i386-pc-elf-gcc
configure:3312: checking for C compiler version
configure:3321: i386-pc-elf-gcc --version >&5
i386-pc-elf-gcc (GCC) 6.2.0
Copyright (C) 2016 Free Software Foundation, Inc.
This is free software; see the source for copying conditions.  There is NO
warranty; not even for MERCHANTABILITY or FITNESS FOR A PARTICULAR PURPOSE.

configure:3332: $? = 0
configure:3321: i386-pc-elf-gcc -v >&5
Using built-in specs.
COLLECT_GCC=i386-pc-elf-gcc
COLLECT_LTO_WRAPPER=/home/wudeyu/cross/libexec/gcc/i386-pc-elf/6.2.0/lto-wrapper
Target: i386-pc-elf
Configured with: /home/wudeyu/cross/src/gcc-6.2.0/configure --prefix=/home/wudeyu/cross --target=i386-pc-elf --enable-multilib --disable-nls --enable-languages=c --with-system-zlib
Thread model: single
gcc version 6.2.0 (GCC) 
configure:3332: $? = 0
configure:3321: i386-pc-elf-gcc -V >&5
i386-pc-elf-gcc: error: unrecognized command line option '-V'
i386-pc-elf-gcc: fatal error: no input files
compilation terminated.
configure:3332: $? = 1
configure:3321: i386-pc-elf-gcc -qversion >&5
i386-pc-elf-gcc: error: unrecognized command line option '-qversion'; did you mean '--version'?
i386-pc-elf-gcc: fatal error: no input files
compilation terminated.
configure:3332: $? = 1
configure:3352: checking whether the C compiler works
configure:3374: i386-pc-elf-gcc -g   conftest.c  >&5
configure:3378: $? = 0
configure:3426: result: yes
configure:3429: checking for C compiler default output file name
configure:3431: result: a.out
configure:3437: checking for suffix of executables
configure:3444: i386-pc-elf-gcc -o conftest -g   conftest.c  >&5
configure:3448: $? = 0
configure:3470: result: 
configure:3492: checking whether we are cross compiling
configure:3500: i386-pc-elf-gcc -o conftest -g   conftest.c  >&5
/home/wudeyu/cross/lib/gcc/i386-pc-elf/6.2.0/../../../../i386-pc-elf/lib/libg.a(lib_a-fstatr.o): In function `_fstat_r':
/home/wudeyu/cross/src/newlib/newlib-2.4.0.20160527/newlib/libc/reent/fstatr.c:62: undefined reference to `fstat'
/home/wudeyu/cross/lib/gcc/i386-pc-elf/6.2.0/../../../../i386-pc-elf/lib/libg.a(lib_a-openr.o): In function `_open_r':
/home/wudeyu/cross/src/newlib/newlib-2.4.0.20160527/newlib/libc/reent/openr.c:59: undefined reference to `open'
/home/wudeyu/cross/lib/gcc/i386-pc-elf/6.2.0/../../../../i386-pc-elf/lib/libg.a(lib_a-sbrkr.o): In function `_sbrk_r':
/home/wudeyu/cross/src/newlib/newlib-2.4.0.20160527/newlib/libc/reent/sbrkr.c:58: undefined reference to `sbrk'
/home/wudeyu/cross/lib/gcc/i386-pc-elf/6.2.0/../../../../i386-pc-elf/lib/libg.a(lib_a-writer.o): In function `_write_r':
/home/wudeyu/cross/src/newlib/newlib-2.4.0.20160527/newlib/libc/reent/writer.c:58: undefined reference to `write'
/home/wudeyu/cross/lib/gcc/i386-pc-elf/6.2.0/../../../../i386-pc-elf/lib/libg.a(lib_a-closer.o): In function `_close_r':
/home/wudeyu/cross/src/newlib/newlib-2.4.0.20160527/newlib/libc/reent/closer.c:53: undefined reference to `close'
/home/wudeyu/cross/lib/gcc/i386-pc-elf/6.2.0/../../../../i386-pc-elf/lib/libg.a(lib_a-isattyr.o): In function `_isatty_r':
/home/wudeyu/cross/src/newlib/newlib-2.4.0.20160527/newlib/libc/reent/isattyr.c:58: undefined reference to `isatty'
/home/wudeyu/cross/lib/gcc/i386-pc-elf/6.2.0/../../../../i386-pc-elf/lib/libg.a(lib_a-lseekr.o): In function `_lseek_r':
/home/wudeyu/cross/src/newlib/newlib-2.4.0.20160527/newlib/libc/reent/lseekr.c:58: undefined reference to `lseek'
/home/wudeyu/cross/lib/gcc/i386-pc-elf/6.2.0/../../../../i386-pc-elf/lib/libg.a(lib_a-readr.o): In function `_read_r':
/home/wudeyu/cross/src/newlib/newlib-2.4.0.20160527/newlib/libc/reent/readr.c:58: undefined reference to `read'
collect2: error: ld returned 1 exit status
configure:3504: $? = 1
configure:3511: ./conftest
./configure: line 3513: ./conftest: No such file or directory
configure:3515: $? = 127
configure:3530: result: yes
configure:3535: checking for suffix of object files
configure:3557: i386-pc-elf-gcc -c -g  conftest.c >&5
configure:3561: $? = 0
configure:3582: result: o
configure:3586: checking whether we are using the GNU C compiler
configure:3605: i386-pc-elf-gcc -c -g  conftest.c >&5
configure:3605: $? = 0
configure:3614: result: yes
configure:3623: checking whether i386-pc-elf-gcc accepts -g
configure:3643: i386-pc-elf-gcc -c -g  conftest.c >&5
configure:3643: $? = 0
configure:3684: result: yes
configure:3701: checking for i386-pc-elf-gcc option to accept ISO C89
configure:3764: i386-pc-elf-gcc  -c -g  conftest.c >&5
configure:3764: $? = 0
configure:3777: result: none needed
configure:3802: checking whether i386-pc-elf-gcc understands -c and -o together
configure:3824: i386-pc-elf-gcc -c conftest.c -o conftest2.o
configure:3827: $? = 0
configure:3824: i386-pc-elf-gcc -c conftest.c -o conftest2.o
configure:3827: $? = 0
configure:3839: result: yes
configure:3867: checking for style of include used by make
configure:3895: result: GNU
configure:3921: checking dependency style of i386-pc-elf-gcc
configure:4032: result: gcc3
configure:4047: checking for i386-pc-elf-gcc option to accept ISO C11
configure:4117: i386-pc-elf-gcc  -c -g  conftest.c >&5
configure:4117: $? = 0
configure:4130: result: none needed
configure:4154: checking for an ANSI C-conforming const
configure:4220: i386-pc-elf-gcc -c -g  conftest.c >&5
configure:4220: $? = 0
configure:4227: result: yes
configure:4235: checking for C/C++ restrict keyword
configure:4260: i386-pc-elf-gcc -c -g  conftest.c >&5
configure:4260: $? = 0
configure:4268: result: __restrict
configure:4281: checking for working volatile
configure:4300: i386-pc-elf-gcc -c -g  conftest.c >&5
configure:4300: $? = 0
configure:4307: result: yes
configure:4315: checking for inline
configure:4331: i386-pc-elf-gcc -c -g  conftest.c >&5
configure:4331: $? = 0
configure:4339: result: inline
configure:4358: checking for typeof syntax and keyword spelling
configure:4389: i386-pc-elf-gcc -c -g  conftest.c >&5
configure:4389: $? = 0
configure:4396: result: typeof
configure:4417: checking for __attribute__((noreturn))
configure:4438: i386-pc-elf-gcc -o conftest -g   conftest.c  >&5
configure:4438: $? = 0
configure:4451: result: yes
configure:4487: checking for __attribute__((weak))
configure:4508: i386-pc-elf-gcc -o conftest -g   conftest.c  >&5
configure:4508: $? = 0
configure:4521: result: yes
configure:4557: checking for __attribute__((noinline))
configure:4578: i386-pc-elf-gcc -o conftest -g   conftest.c  >&5
configure:4578: $? = 0
configure:4591: result: yes
configure:4627: checking for __attribute__((visibility))
configure:4651: i386-pc-elf-gcc -o conftest -g   conftest.c  >&5
configure:4651: $? = 0
configure:4664: result: yes
configure:4700: checking for __attribute__((used))
configure:4723: i386-pc-elf-gcc -o conftest -g   conftest.c  >&5
configure:4723: $? = 0
configure:4736: result: yes
configure:4767: checking whether C compiler accepts -fplan9-extensions
configure:4786: i386-pc-elf-gcc -c -g  -fplan9-extensions  conftest.c >&5
configure:4786: $? = 0
configure:4794: result: yes
configure:4809: checking for __builtin_popcount
configure:4828: i386-pc-elf-gcc -o conftest -g   conftest.c  >&5
configure:4828: $? = 0
configure:4837: result: yes
configure:4853: checking for __builtin_popcountl
configure:4872: i386-pc-elf-gcc -o conftest -g   conftest.c  >&5
configure:4872: $? = 0
configure:4881: result: yes
configure:4897: checking for __builtin_popcountll
configure:4916: i386-pc-elf-gcc -o conftest -g   conftest.c  >&5
configure:4916: $? = 0
configure:4925: result: yes
configure:4943: checking for __builtin_bswap32
configure:4962: i386-pc-elf-gcc -o conftest -g   conftest.c  >&5
configure:4962: $? = 0
configure:4971: result: yes
configure:4987: checking for __builtin_bswap64
configure:5006: i386-pc-elf-gcc -o conftest -g   conftest.c  >&5
configure:5006: $? = 0
configure:5015: result: yes
configure:5038: checking dependency style of i386-pc-elf-gcc
configure:5147: result: gcc3
configure:5167: checking for i386-pc-elf-ar
configure:5183: found /home/wudeyu/cross/bin/i386-pc-elf-ar
configure:5194: result: i386-pc-elf-ar
configure:5264: checking the archiver (i386-pc-elf-ar) interface
configure:5280: i386-pc-elf-gcc -c -g  conftest.c >&5
configure:5280: $? = 0
configure:5282: i386-pc-elf-ar cru libconftest.a conftest.o >&5
configure:5285: $? = 0
configure:5313: result: ar
configure:5336: checking for i386-pc-elf-objdump
configure:5352: found /home/wudeyu/cross/bin/i386-pc-elf-objdump
configure:5363: result: i386-pc-elf-objdump
configure:5428: checking for i386-pc-elf-objcopy
configure:5444: found /home/wudeyu/cross/bin/i386-pc-elf-objcopy
configure:5455: result: i386-pc-elf-objcopy
configure:5547: checking build system type
configure:5561: result: x86_64-unknown-linux-gnu
configure:5581: checking host system type
configure:5594: result: i386-pc-elf
configure:5635: checking how to print strings
configure:5662: result: printf
configure:5683: checking for a sed that does not truncate output
configure:5747: result: /bin/sed
configure:5765: checking for grep that handles long lines and -e
configure:5823: result: /bin/grep
configure:5828: checking for egrep
configure:5890: result: /bin/grep -E
configure:5895: checking for fgrep
configure:5957: result: /bin/grep -F
configure:5992: checking for ld used by i386-pc-elf-gcc
configure:6059: result: /home/wudeyu/cross/i386-pc-elf/bin/ld
configure:6066: checking if the linker (/home/wudeyu/cross/i386-pc-elf/bin/ld) is GNU ld
configure:6081: result: yes
configure:6093: checking for BSD- or MS-compatible name lister (nm)
configure:6142: result: /home/wudeyu/cross/bin/i386-pc-elf-nm -B
configure:6272: checking the name lister (/home/wudeyu/cross/bin/i386-pc-elf-nm -B) interface
configure:6279: i386-pc-elf-gcc -c -g  conftest.c >&5
configure:6282: /home/wudeyu/cross/bin/i386-pc-elf-nm -B "conftest.o"
configure:6285: output
00000000 B some_variable
configure:6292: result: BSD nm
configure:6295: checking whether ln -s works
configure:6299: result: yes
configure:6307: checking the maximum length of command line arguments
configure:6438: result: 1572864
configure:6455: checking whether the shell understands some XSI constructs
configure:6465: result: yes
configure:6469: checking whether the shell understands "+="
configure:6475: result: yes
configure:6510: checking how to convert x86_64-unknown-linux-gnu file names to i386-pc-elf format
configure:6550: result: func_convert_file_noop
configure:6557: checking how to convert x86_64-unknown-linux-gnu file names to toolchain format
configure:6577: result: func_convert_file_noop
configure:6584: checking for /home/wudeyu/cross/i386-pc-elf/bin/ld option to reload object files
configure:6591: result: -r
configure:6625: checking for i386-pc-elf-objdump
configure:6652: result: i386-pc-elf-objdump
configure:6724: checking how to recognize dependent libraries
configure:6922: result: unknown
configure:6967: checking for i386-pc-elf-dlltool
configure:6997: result: no
configure:7007: checking for dlltool
configure:7037: result: no
configure:7067: checking how to associate runtime and link libraries
configure:7094: result: printf %s\n
configure:7110: checking for i386-pc-elf-ar
configure:7137: result: i386-pc-elf-ar
configure:7218: checking for archiver @FILE support
configure:7235: i386-pc-elf-gcc -c -g  conftest.c >&5
configure:7235: $? = 0
configure:7238: i386-pc-elf-ar cru libconftest.a @conftest.lst >&5
configure:7241: $? = 0
configure:7246: i386-pc-elf-ar cru libconftest.a @conftest.lst >&5
i386-pc-elf-ar: conftest.o: No such file or directory
configure:7249: $? = 1
configure:7261: result: @
configure:7279: checking for i386-pc-elf-strip
configure:7306: result: i386-pc-elf-strip
configure:7378: checking for i386-pc-elf-ranlib
configure:7394: found /home/wudeyu/cross/bin/i386-pc-elf-ranlib
configure:7405: result: i386-pc-elf-ranlib
configure:7547: checking command to parse /home/wudeyu/cross/bin/i386-pc-elf-nm -B output from i386-pc-elf-gcc object
configure:7667: i386-pc-elf-gcc -c -g  conftest.c >&5
configure:7670: $? = 0
configure:7674: /home/wudeyu/cross/bin/i386-pc-elf-nm -B conftest.o \| sed -n -e 's/^.*[ ]\([ABCDGIRSTW][ABCDGIRSTW]*\)[ ][ ]*\([_A-Za-z][_A-Za-z0-9]*\)$/\1 \2 \2/p' | sed '/ __gnu_lto/d' \> conftest.nm
configure:7677: $? = 0
configure:7743: i386-pc-elf-gcc -o conftest -g   conftest.c conftstm.o >&5
configure:7746: $? = 0
configure:7784: result: ok
configure:7821: checking for sysroot
configure:7851: result: no
configure:8080: checking for i386-pc-elf-mt
configure:8110: result: no
configure:8120: checking for mt
configure:8136: found /bin/mt
configure:8147: result: mt
configure:8159: WARNING: using cross tools not prefixed with host triplet
configure:8170: checking if mt is a manifest tool
configure:8176: mt '-?'
configure:8184: result: no
configure:8826: checking how to run the C preprocessor
configure:8857: i386-pc-elf-gcc -E  conftest.c
configure:8857: $? = 0
configure:8871: i386-pc-elf-gcc -E  conftest.c
conftest.c:28:28: fatal error: ac_nonexistent.h: No such file or directory
 #include <ac_nonexistent.h>
                            ^
compilation terminated.
configure:8871: $? = 1
configure: failed program was:
| /* confdefs.h */
| #define PACKAGE_NAME "AIM"
| #define PACKAGE_TARNAME "aim"
| #define PACKAGE_VERSION "0.2"
| #define PACKAGE_STRING "AIM 0.2"
| #define PACKAGE_BUGREPORT "davidgao1001@gmail.com"
| #define PACKAGE_URL ""
| #define PACKAGE "aim"
| #define VERSION "0.2"
| #define restrict __restrict
| #define HAVE_TYPEOF 1
| #define HAVE_FUNC_ATTRIBUTE_NORETURN 1
| #define __noreturn __attribute__((noreturn))
| #define HAVE_FUNC_ATTRIBUTE_WEAK 1
| #define __weak __attribute__((weak))
| #define HAVE_FUNC_ATTRIBUTE_NOINLINE 1
| #define __noinline __attribute__((noinline))
| #define HAVE_FUNC_ATTRIBUTE_VISIBILITY 1
| #define __visibility __attribute__((visibility))
| #define HAVE_VAR_ATTRIBUTE_USED 1
| #define __used __attribute__((used))
| #define HAVE___BUILTIN_POPCOUNT 1
| #define HAVE___BUILTIN_POPCOUNTL 1
| #define HAVE___BUILTIN_POPCOUNTLL 1
| #define HAVE___BUILTIN_BSWAP32 1
| #define HAVE___BUILTIN_BSWAP64 1
| /* end confdefs.h.  */
| #include <ac_nonexistent.h>
configure:8896: result: i386-pc-elf-gcc -E
configure:8916: i386-pc-elf-gcc -E  conftest.c
configure:8916: $? = 0
configure:8930: i386-pc-elf-gcc -E  conftest.c
conftest.c:28:28: fatal error: ac_nonexistent.h: No such file or directory
 #include <ac_nonexistent.h>
                            ^
compilation terminated.
configure:8930: $? = 1
configure: failed program was:
| /* confdefs.h */
| #define PACKAGE_NAME "AIM"
| #define PACKAGE_TARNAME "aim"
| #define PACKAGE_VERSION "0.2"
| #define PACKAGE_STRING "AIM 0.2"
| #define PACKAGE_BUGREPORT "davidgao1001@gmail.com"
| #define PACKAGE_URL ""
| #define PACKAGE "aim"
| #define VERSION "0.2"
| #define restrict __restrict
| #define HAVE_TYPEOF 1
| #define HAVE_FUNC_ATTRIBUTE_NORETURN 1
| #define __noreturn __attribute__((noreturn))
| #define HAVE_FUNC_ATTRIBUTE_WEAK 1
| #define __weak __attribute__((weak))
| #define HAVE_FUNC_ATTRIBUTE_NOINLINE 1
| #define __noinline __attribute__((noinline))
| #define HAVE_FUNC_ATTRIBUTE_VISIBILITY 1
| #define __visibility __attribute__((visibility))
| #define HAVE_VAR_ATTRIBUTE_USED 1
| #define __used __attribute__((used))
| #define HAVE___BUILTIN_POPCOUNT 1
| #define HAVE___BUILTIN_POPCOUNTL 1
| #define HAVE___BUILTIN_POPCOUNTLL 1
| #define HAVE___BUILTIN_BSWAP32 1
| #define HAVE___BUILTIN_BSWAP64 1
| /* end confdefs.h.  */
| #include <ac_nonexistent.h>
configure:8959: checking for ANSI C header files
configure:8979: i386-pc-elf-gcc -c -g  conftest.c >&5
configure:8979: $? = 0
configure:9063: result: yes
configure:9076: checking for sys/types.h
configure:9076: i386-pc-elf-gcc -c -g  conftest.c >&5
configure:9076: $? = 0
configure:9076: result: yes
configure:9076: checking for sys/stat.h
configure:9076: i386-pc-elf-gcc -c -g  conftest.c >&5
configure:9076: $? = 0
configure:9076: result: yes
configure:9076: checking for stdlib.h
configure:9076: i386-pc-elf-gcc -c -g  conftest.c >&5
configure:9076: $? = 0
configure:9076: result: yes
configure:9076: checking for string.h
configure:9076: i386-pc-elf-gcc -c -g  conftest.c >&5
configure:9076: $? = 0
configure:9076: result: yes
configure:9076: checking for memory.h
configure:9076: i386-pc-elf-gcc -c -g  conftest.c >&5
conftest.c:67:20: fatal error: memory.h: No such file or directory
 #include <memory.h>
                    ^
compilation terminated.
configure:9076: $? = 1
configure: failed program was:
| /* confdefs.h */
| #define PACKAGE_NAME "AIM"
| #define PACKAGE_TARNAME "aim"
| #define PACKAGE_VERSION "0.2"
| #define PACKAGE_STRING "AIM 0.2"
| #define PACKAGE_BUGREPORT "davidgao1001@gmail.com"
| #define PACKAGE_URL ""
| #define PACKAGE "aim"
| #define VERSION "0.2"
| #define restrict __restrict
| #define HAVE_TYPEOF 1
| #define HAVE_FUNC_ATTRIBUTE_NORETURN 1
| #define __noreturn __attribute__((noreturn))
| #define HAVE_FUNC_ATTRIBUTE_WEAK 1
| #define __weak __attribute__((weak))
| #define HAVE_FUNC_ATTRIBUTE_NOINLINE 1
| #define __noinline __attribute__((noinline))
| #define HAVE_FUNC_ATTRIBUTE_VISIBILITY 1
| #define __visibility __attribute__((visibility))
| #define HAVE_VAR_ATTRIBUTE_USED 1
| #define __used __attribute__((used))
| #define HAVE___BUILTIN_POPCOUNT 1
| #define HAVE___BUILTIN_POPCOUNTL 1
| #define HAVE___BUILTIN_POPCOUNTLL 1
| #define HAVE___BUILTIN_BSWAP32 1
| #define HAVE___BUILTIN_BSWAP64 1
| #define STDC_HEADERS 1
| #define HAVE_SYS_TYPES_H 1
| #define HAVE_SYS_STAT_H 1
| #define HAVE_STDLIB_H 1
| #define HAVE_STRING_H 1
| /* end confdefs.h.  */
| #include <stdio.h>
| #ifdef HAVE_SYS_TYPES_H
| # include <sys/types.h>
| #endif
| #ifdef HAVE_SYS_STAT_H
| # include <sys/stat.h>
| #endif
| #ifdef STDC_HEADERS
| # include <stdlib.h>
| # include <stddef.h>
| #else
| # ifdef HAVE_STDLIB_H
| #  include <stdlib.h>
| # endif
| #endif
| #ifdef HAVE_STRING_H
| # if !defined STDC_HEADERS && defined HAVE_MEMORY_H
| #  include <memory.h>
| # endif
| # include <string.h>
| #endif
| #ifdef HAVE_STRINGS_H
| # include <strings.h>
| #endif
| #ifdef HAVE_INTTYPES_H
| # include <inttypes.h>
| #endif
| #ifdef HAVE_STDINT_H
| # include <stdint.h>
| #endif
| #ifdef HAVE_UNISTD_H
| # include <unistd.h>
| #endif
| 
| #include <memory.h>
configure:9076: result: no
configure:9076: checking for strings.h
configure:9076: i386-pc-elf-gcc -c -g  conftest.c >&5
configure:9076: $? = 0
configure:9076: result: yes
configure:9076: checking for inttypes.h
configure:9076: i386-pc-elf-gcc -c -g  conftest.c >&5
configure:9076: $? = 0
configure:9076: result: yes
configure:9076: checking for stdint.h
configure:9076: i386-pc-elf-gcc -c -g  conftest.c >&5
configure:9076: $? = 0
configure:9076: result: yes
configure:9076: checking for unistd.h
configure:9076: i386-pc-elf-gcc -c -g  conftest.c >&5
configure:9076: $? = 0
configure:9076: result: yes
configure:9090: checking for dlfcn.h
configure:9090: i386-pc-elf-gcc -c -g  conftest.c >&5
conftest.c:71:19: fatal error: dlfcn.h: No such file or directory
 #include <dlfcn.h>
                   ^
compilation terminated.
configure:9090: $? = 1
configure: failed program was:
| /* confdefs.h */
| #define PACKAGE_NAME "AIM"
| #define PACKAGE_TARNAME "aim"
| #define PACKAGE_VERSION "0.2"
| #define PACKAGE_STRING "AIM 0.2"
| #define PACKAGE_BUGREPORT "davidgao1001@gmail.com"
| #define PACKAGE_URL ""
| #define PACKAGE "aim"
| #define VERSION "0.2"
| #define restrict __restrict
| #define HAVE_TYPEOF 1
| #define HAVE_FUNC_ATTRIBUTE_NORETURN 1
| #define __noreturn __attribute__((noreturn))
| #define HAVE_FUNC_ATTRIBUTE_WEAK 1
| #define __weak __attribute__((weak))
| #define HAVE_FUNC_ATTRIBUTE_NOINLINE 1
| #define __noinline __attribute__((noinline))
| #define HAVE_FUNC_ATTRIBUTE_VISIBILITY 1
| #define __visibility __attribute__((visibility))
| #define HAVE_VAR_ATTRIBUTE_USED 1
| #define __used __attribute__((used))
| #define HAVE___BUILTIN_POPCOUNT 1
| #define HAVE___BUILTIN_POPCOUNTL 1
| #define HAVE___BUILTIN_POPCOUNTLL 1
| #define HAVE___BUILTIN_BSWAP32 1
| #define HAVE___BUILTIN_BSWAP64 1
| #define STDC_HEADERS 1
| #define HAVE_SYS_TYPES_H 1
| #define HAVE_SYS_STAT_H 1
| #define HAVE_STDLIB_H 1
| #define HAVE_STRING_H 1
| #define HAVE_STRINGS_H 1
| #define HAVE_INTTYPES_H 1
| #define HAVE_STDINT_H 1
| #define HAVE_UNISTD_H 1
| /* end confdefs.h.  */
| #include <stdio.h>
| #ifdef HAVE_SYS_TYPES_H
| # include <sys/types.h>
| #endif
| #ifdef HAVE_SYS_STAT_H
| # include <sys/stat.h>
| #endif
| #ifdef STDC_HEADERS
| # include <stdlib.h>
| # include <stddef.h>
| #else
| # ifdef HAVE_STDLIB_H
| #  include <stdlib.h>
| # endif
| #endif
| #ifdef HAVE_STRING_H
| # if !defined STDC_HEADERS && defined HAVE_MEMORY_H
| #  include <memory.h>
| # endif
| # include <string.h>
| #endif
| #ifdef HAVE_STRINGS_H
| # include <strings.h>
| #endif
| #ifdef HAVE_INTTYPES_H
| # include <inttypes.h>
| #endif
| #ifdef HAVE_STDINT_H
| # include <stdint.h>
| #endif
| #ifdef HAVE_UNISTD_H
| # include <unistd.h>
| #endif
| 
| #include <dlfcn.h>
configure:9090: result: no
configure:9296: checking for objdir
configure:9311: result: .libs
configure:9582: checking if i386-pc-elf-gcc supports -fno-rtti -fno-exceptions
configure:9600: i386-pc-elf-gcc -c -g  -fno-rtti -fno-exceptions conftest.c >&5
cc1: warning: command line option '-fno-rtti' is valid for C++/ObjC++ but not for C
configure:9604: $? = 0
configure:9617: result: no
configure:9944: checking for i386-pc-elf-gcc option to produce PIC
configure:9951: result: -fPIC -DPIC
configure:9959: checking if i386-pc-elf-gcc PIC flag -fPIC -DPIC works
configure:9977: i386-pc-elf-gcc -c -g  -fPIC -DPIC -DPIC conftest.c >&5
configure:9981: $? = 0
configure:9994: result: yes
configure:10023: checking if i386-pc-elf-gcc static flag -static works
configure:10051: result: yes
configure:10066: checking if i386-pc-elf-gcc supports -c -o file.o
configure:10087: i386-pc-elf-gcc -c -g  -o out/conftest2.o conftest.c >&5
configure:10091: $? = 0
configure:10113: result: yes
configure:10121: checking if i386-pc-elf-gcc supports -c -o file.o
configure:10168: result: yes
configure:10201: checking whether the i386-pc-elf-gcc linker (/home/wudeyu/cross/i386-pc-elf/bin/ld) supports shared libraries
configure:11358: result: yes
configure:11395: checking whether -lc should be explicitly linked in
configure:11403: i386-pc-elf-gcc -c -g  conftest.c >&5
configure:11406: $? = 0
configure:11421: i386-pc-elf-gcc -shared  -fPIC -DPIC conftest.o  -v -Wl,-soname -Wl,conftest -o conftest 2\>\&1 \| /bin/grep  -lc  \>/dev/null 2\>\&1
configure:11424: $? = 1
configure:11438: result: yes
configure:11598: checking dynamic linker characteristics
configure:12332: result: no
configure:12439: checking how to hardcode library paths into programs
configure:12464: result: immediate
configure:13004: checking whether stripping libraries is possible
configure:13009: result: yes
configure:13044: checking if libtool supports shared libraries
configure:13046: result: no
configure:13049: checking whether to build shared libraries
configure:13070: result: no
configure:13073: checking whether to build static libraries
configure:13077: result: yes
configure:15036: checking that generated files are newer than configure
configure:15042: result: done
configure:15205: creating ./config.status

## ---------------------- ##
## Running config.status. ##
## ---------------------- ##

This file was extended by AIM config.status 0.2, which was
generated by GNU Autoconf 2.69.  Invocation command line was

  CONFIG_FILES    = 
  CONFIG_HEADERS  = 
  CONFIG_LINKS    = 
  CONFIG_COMMANDS = 
  $ ./config.status 

on wudeyu-Dell-System-Inspiron-N4120

config.status:1242: creating Makefile
config.status:1242: creating boot/Makefile
config.status:1242: creating boot/arch/Makefile
config.status:1242: creating boot/arch/armv7a/Makefile
config.status:1242: creating boot/arch/i386/Makefile
config.status:1242: creating boot/arch/mips/Makefile
config.status:1242: creating include/Makefile
config.status:1242: creating include/aim/Makefile
config.status:1242: creating include/arch/Makefile
config.status:1242: creating include/arch/armv7a/Makefile
config.status:1242: creating include/arch/i386/Makefile
config.status:1242: creating include/arch/mips/Makefile
config.status:1242: creating kern/Makefile
config.status:1242: creating kern/arch/Makefile
config.status:1242: creating kern/arch/armv7a/Makefile
config.status:1242: creating kern/arch/i386/Makefile
config.status:1242: creating kern/arch/mips/Makefile
config.status:1242: creating kern/init/Makefile
config.status:1242: creating lib/Makefile
config.status:1242: creating lib/libc/Makefile
config.status:1242: creating config.h
config.status:1471: executing depfiles commands
config.status:1471: executing libtool commands
configure:17519:
=========================
  Configuration Summary
=========================

General
--------
  version:	0.2
  build:	x86_64-unknown-linux-gnu
  host:		i386-pc-elf
  compiler:	i386-pc-elf-gcc
  CPPFLAGS:	
  CFLAGS:	-g
  LDFLAGS:	

* Flags are overridden by architecture and machine-specific flags,
* further overridden by per-target flags,
* and further overridden by flags passed to `make`.

Target
--------
  architecture:	i386
  machine:	pc
  processors:	DETECT/NR_CPUS
  memory:	DETECT

Additional Features
--------
  debug:	yes
  tests:	yes
  firmware:	yes
  bootloader:	yes

Kernel
--------
  KERN_BASE:	0x80000000
  KMMAP_BASE:	0xf0000000
  RESERVED:	0xfffff000
  USERTOP:	0x7ff00000
  USTACKSIZE:	32768
  Timer freq:	100
  Kernel stack:	

Algorithms
--------
  simple allocator:	FLFF
  page allocator:	FF
  caching allocator:	SLAB
  device index:		DEVLIST

Drivers
--------
  io-mem:	yes
  io-port:	yes
  uart-zynq:	
  uart-msim:	
  uart-ns16550:	yes
  block-msim:	
  sd-zynq:	
  timer-a9:	

Primary Drivers
--------
  console:	uart-ns16550
  storage:	
  timing:	

Firmware
--------
  stack order:	12


## ---------------- ##
## Cache variables. ##
## ---------------- ##

ac_cv_build=x86_64-unknown-linux-gnu
ac_cv_c_compiler_gnu=yes
ac_cv_c_const=yes
ac_cv_c_inline=inline
ac_cv_c_restrict=__restrict
ac_cv_c_typeof=typeof
ac_cv_c_volatile=yes
ac_cv_env_ARCH_set=set
ac_cv_env_ARCH_value=i386
ac_cv_env_CCASFLAGS_set=
ac_cv_env_CCASFLAGS_value=
ac_cv_env_CCAS_set=
ac_cv_env_CCAS_value=
ac_cv_env_CC_set=
ac_cv_env_CC_value=
ac_cv_env_CFLAGS_set=
ac_cv_env_CFLAGS_value=
ac_cv_env_CPPFLAGS_set=
ac_cv_env_CPPFLAGS_value=
ac_cv_env_CPP_set=
ac_cv_env_CPP_value=
ac_cv_env_LDFLAGS_set=
ac_cv_env_LDFLAGS_value=
ac_cv_env_LIBS_set=
ac_cv_env_LIBS_value=
ac_cv_env_MACH_set=set
ac_cv_env_MACH_value=pc
ac_cv_env_build_alias_set=
ac_cv_env_build_alias_value=
ac_cv_env_host_alias_set=set
ac_cv_env_host_alias_value=i386-pc-elf
ac_cv_env_target_alias_set=
ac_cv_env_target_alias_value=
ac_cv_header_dlfcn_h=no
ac_cv_header_inttypes_h=yes
ac_cv_header_memory_h=no
ac_cv_header_stdc=yes
ac_cv_header_stdint_h=yes
ac_cv_header_stdlib_h=yes
ac_cv_header_string_h=yes
ac_cv_header_strings_h=yes
ac_cv_header_sys_stat_h=yes
ac_cv_header_sys_types_h=yes
ac_cv_header_unistd_h=yes
ac_cv_host=i386-pc-elf
ac_cv_objext=o
ac_cv_path_EGREP='/bin/grep -E'
ac_cv_path_FGREP='/bin/grep -F'
ac_cv_path_GREP=/bin/grep
ac_cv_path_SED=/bin/sed
ac_cv_path_install='/usr/bin/install -c'
ac_cv_path_mkdir=/bin/mkdir
ac_cv_prog_AR=i386-pc-elf-ar
ac_cv_prog_AWK=mawk
ac_cv_prog_CC=i386-pc-elf-gcc
ac_cv_prog_CPP='i386-pc-elf-gcc -E'
ac_cv_prog_OBJCOPY=i386-pc-elf-objcopy
ac_cv_prog_OBJDUMP=i386-pc-elf-objdump
ac_cv_prog_RANLIB=i386-pc-elf-ranlib
ac_cv_prog_STRIP=i386-pc-elf-strip
ac_cv_prog_ac_ct_MANIFEST_TOOL=mt
ac_cv_prog_cc_c11=
ac_cv_prog_cc_c89=
ac_cv_prog_cc_g=yes
ac_cv_prog_make_make_set=yes
am_cv_CCAS_dependencies_compiler_type=gcc3
am_cv_CC_dependencies_compiler_type=gcc3
am_cv_ar_interface=ar
am_cv_make_support_nested_variables=yes
am_cv_prog_cc_c_o=yes
ax_cv_check_cflags___fplan9_extensions=yes
ax_cv_have___builtin_bswap32=yes
ax_cv_have___builtin_bswap64=yes
ax_cv_have___builtin_popcount=yes
ax_cv_have___builtin_popcountl=yes
ax_cv_have___builtin_popcountll=yes
ax_cv_have_func_attribute_noinline=yes
ax_cv_have_func_attribute_noreturn=yes
ax_cv_have_func_attribute_visibility=yes
ax_cv_have_func_attribute_weak=yes
ax_cv_have_var_attribute_used=yes
lt_cv_ar_at_file=@
lt_cv_archive_cmds_need_lc=yes
lt_cv_deplibs_check_method=unknown
lt_cv_file_magic_cmd='$MAGIC_CMD'
lt_cv_file_magic_test_file=
lt_cv_ld_reload_flag=-r
lt_cv_nm_interface='BSD nm'
lt_cv_objdir=.libs
lt_cv_path_LD=/home/wudeyu/cross/i386-pc-elf/bin/ld
lt_cv_path_NM='/home/wudeyu/cross/bin/i386-pc-elf-nm -B'
lt_cv_path_mainfest_tool=no
lt_cv_prog_compiler_c_o=yes
lt_cv_prog_compiler_pic='-fPIC -DPIC'
lt_cv_prog_compiler_pic_works=yes
lt_cv_prog_compiler_rtti_exceptions=no
lt_cv_prog_compiler_static_works=yes
lt_cv_prog_gnu_ld=yes
lt_cv_sharedlib_from_linklib_cmd='printf %s\n'
lt_cv_sys_global_symbol_pipe='sed -n -e '\''s/^.*[	 ]\([ABCDGIRSTW][ABCDGIRSTW]*\)[	 ][	 ]*\([_A-Za-z][_A-Za-z0-9]*\)$/\1 \2 \2/p'\'' | sed '\''/ __gnu_lto/d'\'''
lt_cv_sys_global_symbol_to_c_name_address='sed -n -e '\''s/^: \([^ ]*\)[ ]*$/  {\"\1\", (void *) 0},/p'\'' -e '\''s/^[ABCDGIRSTW]* \([^ ]*\) \([^ ]*\)$/  {"\2", (void *) \&\2},/p'\'''
lt_cv_sys_global_symbol_to_c_name_address_lib_prefix='sed -n -e '\''s/^: \([^ ]*\)[ ]*$/  {\"\1\", (void *) 0},/p'\'' -e '\''s/^[ABCDGIRSTW]* \([^ ]*\) \(lib[^ ]*\)$/  {"\2", (void *) \&\2},/p'\'' -e '\''s/^[ABCDGIRSTW]* \([^ ]*\) \([^ ]*\)$/  {"lib\2", (void *) \&\2},/p'\'''
lt_cv_sys_global_symbol_to_cdecl='sed -n -e '\''s/^T .* \(.*\)$/extern int \1();/p'\'' -e '\''s/^[ABCDGIRSTW]* .* \(.*\)$/extern char \1;/p'\'''
lt_cv_sys_max_cmd_len=1572864
lt_cv_to_host_file_cmd=func_convert_file_noop
lt_cv_to_tool_file_cmd=func_convert_file_noop

## ----------------- ##
## Output variables. ##
## ----------------- ##

ACLOCAL='${SHELL} /home/wudeyu/OS/AIM-lab1/missing aclocal-1.14'
ALGO_DEVLIST_FALSE='#'
ALGO_DEVLIST_TRUE=''
ALGO_FF_FALSE='#'
ALGO_FF_TRUE=''
ALGO_FLFF_FALSE='#'
ALGO_FLFF_TRUE=''
ALGO_KMLIST_FALSE='#'
ALGO_KMLIST_TRUE=''
ALGO_SLAB_FALSE='#'
ALGO_SLAB_TRUE=''
AMDEPBACKSLASH='\'
AMDEP_FALSE='#'
AMDEP_TRUE=''
AMTAR='$${TAR-tar}'
AM_BACKSLASH='\'
AM_DEFAULT_V='$(AM_DEFAULT_VERBOSITY)'
AM_DEFAULT_VERBOSITY='0'
AM_V='$(V)'
AR='i386-pc-elf-ar'
ARCH='i386'
ARCH_ARMV7A_FALSE=''
ARCH_ARMV7A_TRUE='#'
ARCH_I386_FALSE='#'
ARCH_I386_TRUE=''
ARCH_I686_FALSE=''
ARCH_I686_TRUE='#'
ARCH_MIPS64_FALSE=''
ARCH_MIPS64_TRUE='#'
ARCH_MIPS_FALSE=''
ARCH_MIPS_TRUE='#'
AUTOCONF='${SHELL} /home/wudeyu/OS/AIM-lab1/missing autoconf'
AUTOHEADER='${SHELL} /home/wudeyu/OS/AIM-lab1/missing autoheader'
AUTOMAKE='${SHELL} /home/wudeyu/OS/AIM-lab1/missing automake-1.14'
AWK='mawk'
BLOCK_MSIM_FALSE=''
BLOCK_MSIM_TRUE='#'
BUILD_BOOTLOADER_FALSE='#'
BUILD_BOOTLOADER_TRUE=''
BUILD_FIRMWARE_FALSE='#'
BUILD_FIRMWARE_TRUE=''
BUS_MAPPER_FALSE=''
BUS_MAPPER_TRUE='#'
CC='i386-pc-elf-gcc'
CCAS='i386-pc-elf-gcc'
CCASDEPMODE='depmode=gcc3'
CCASFLAGS='-g'
CCDEPMODE='depmode=gcc3'
CFLAGS='-g'
CORE=''
CPP='i386-pc-elf-gcc -E'
CPPFLAGS=''
CYGPATH_W='echo'
DEBUG_FALSE='#'
DEBUG_TRUE=''
DEFS='-DHAVE_CONFIG_H'
DEPDIR='.deps'
DLLTOOL='false'
DSYMUTIL=''
DUMPBIN=''
ECHO_C=''
ECHO_N='-n'
ECHO_T=''
EGREP='/bin/grep -E'
EXEEXT=''
FGREP='/bin/grep -F'
GREP='/bin/grep'
IDE_BMDMA_FALSE=''
IDE_BMDMA_TRUE='#'
INSTALL_DATA='${INSTALL} -m 644'
INSTALL_PROGRAM='${INSTALL}'
INSTALL_SCRIPT='${INSTALL}'
INSTALL_STRIP_PROGRAM='$(install_sh) -c -s'
IO_MEM_FALSE='#'
IO_MEM_ROOT_FALSE=''
IO_MEM_ROOT_TRUE='#'
IO_MEM_TRUE=''
IO_PORT_FALSE='#'
IO_PORT_ROOT_FALSE=''
IO_PORT_ROOT_TRUE='#'
IO_PORT_TRUE=''
LD='/home/wudeyu/cross/i386-pc-elf/bin/ld'
LDFLAGS=''
LIBOBJS=''
LIBS=''
LIBTOOL='$(SHELL) $(top_builddir)/libtool'
LIPO=''
LN_S='ln -s'
LOONGSON3A_RAM_DETECTION_FALSE=''
LOONGSON3A_RAM_DETECTION_TRUE='#'
LTLIBOBJS=''
MACH='pc'
MACH_GENERIC_FALSE=''
MACH_GENERIC_TRUE='#'
MACH_LOONGSON3A_FALSE=''
MACH_LOONGSON3A_TRUE='#'
MACH_MSIM_FALSE=''
MACH_MSIM_TRUE='#'
MACH_PC_FALSE='#'
MACH_PC_TRUE=''
MACH_UNKNOWN_FALSE=''
MACH_UNKNOWN_TRUE='#'
MACH_ZYNQ_FALSE=''
MACH_ZYNQ_TRUE='#'
MAKEINFO='${SHELL} /home/wudeyu/OS/AIM-lab1/missing makeinfo'
MANIFEST_TOOL=':'
MKDIR_P='/bin/mkdir -p'
MSIM_CONF_CPULIST=''
MSIM_CONF_DISKPA=''
MSIM_CONF_DISK_IMAGE=''
MSIM_CONF_FIRMWARE_BIN=''
MSIM_CONF_HIGHRAM_BASE=''
MSIM_CONF_HIGHRAM_SIZE=''
MSIM_CONF_KBDPA=''
MSIM_CONF_LPPA=''
MSIM_CONF_MBLIST=''
MSIM_CONF_ORDERPA=''
MSIM_CONF_RTCPA=''
NM='/home/wudeyu/cross/bin/i386-pc-elf-nm -B'
NMEDIT=''
OBJCOPY='i386-pc-elf-objcopy'
OBJDUMP='i386-pc-elf-objdump'
OBJEXT='o'
OTOOL64=''
OTOOL=''
PACKAGE='aim'
PACKAGE_BUGREPORT='davidgao1001@gmail.com'
PACKAGE_NAME='AIM'
PACKAGE_STRING='AIM 0.2'
PACKAGE_TARNAME='aim'
PACKAGE_URL=''
PACKAGE_VERSION='0.2'
PAGESIZE_16K_FALSE=''
PAGESIZE_16K_TRUE='#'
PATH_SEPARATOR=':'
PREFIXED_CORE=''
PREFIXED_MACH='mach-pc'
RANLIB='i386-pc-elf-ranlib'
SD_ZYNQ_FALSE=''
SD_ZYNQ_TRUE='#'
SED='/bin/sed'
SET_MAKE=''
SHELL='/bin/bash'
STRIP='i386-pc-elf-strip'
TESTS_FALSE='#'
TESTS_TRUE=''
TIMER_A9_FALSE=''
TIMER_A9_TRUE='#'
UART_LITE_FALSE=''
UART_LITE_TRUE='#'
UART_MSIM_FALSE=''
UART_MSIM_TRUE='#'
UART_NS16550_FALSE='#'
UART_NS16550_TRUE=''
VERSION='0.2'
ac_ct_AR=''
ac_ct_CC=''
ac_ct_DUMPBIN=''
am__EXEEXT_FALSE=''
am__EXEEXT_TRUE='#'
am__fastdepCCAS_FALSE='#'
am__fastdepCCAS_TRUE=''
am__fastdepCC_FALSE='#'
am__fastdepCC_TRUE=''
am__include='include'
am__isrc=''
am__leading_dot='.'
am__nodep='_no'
am__quote=''
am__tar='$${TAR-tar} chof - "$$tardir"'
am__untar='$${TAR-tar} xf -'
bindir='${exec_prefix}/bin'
build='x86_64-unknown-linux-gnu'
build_alias=''
build_cpu='x86_64'
build_os='linux-gnu'
build_vendor='unknown'
datadir='${datarootdir}'
datarootdir='${prefix}/share'
default_var=''
docdir='${datarootdir}/doc/${PACKAGE_TARNAME}'
dvidir='${docdir}'
exec_prefix='${prefix}'
host='i386-pc-elf'
host_alias='i386-pc-elf'
host_cpu='i386'
host_os='elf'
host_vendor='pc'
htmldir='${docdir}'
includedir='${prefix}/include'
infodir='${datarootdir}/info'
install_sh='${SHELL} /home/wudeyu/OS/AIM-lab1/install-sh'
libdir='${exec_prefix}/lib'
libexecdir='${exec_prefix}/libexec'
localedir='${datarootdir}/locale'
localstatedir='${prefix}/var'
mandir='${datarootdir}/man'
mkdir_p='$(MKDIR_P)'
oldincludedir='/usr/include'
pdfdir='${docdir}'
prefix='/usr/local'
program_transform_name='s,x,x,'
psdir='${docdir}'
sbindir='${exec_prefix}/sbin'
sharedstatedir='${prefix}/com'
sysconfdir='${prefix}/etc'
target_alias=''

## ----------- ##
## confdefs.h. ##
## ----------- ##

/* confdefs.h */
#define PACKAGE_NAME "AIM"
#define PACKAGE_TARNAME "aim"
#define PACKAGE_VERSION "0.2"
#define PACKAGE_STRING "AIM 0.2"
#define PACKAGE_BUGREPORT "davidgao1001@gmail.com"
#define PACKAGE_URL ""
#define PACKAGE "aim"
#define VERSION "0.2"
#define restrict __restrict
#define HAVE_TYPEOF 1
#define HAVE_FUNC_ATTRIBUTE_NORETURN 1
#define __noreturn __attribute__((noreturn))
#define HAVE_FUNC_ATTRIBUTE_WEAK 1
#define __weak __attribute__((weak))
#define HAVE_FUNC_ATTRIBUTE_NOINLINE 1
#define __noinline __attribute__((noinline))
#define HAVE_FUNC_ATTRIBUTE_VISIBILITY 1
#define __visibility __attribute__((visibility))
#define HAVE_VAR_ATTRIBUTE_USED 1
#define __used __attribute__((used))
#define HAVE___BUILTIN_POPCOUNT 1
#define HAVE___BUILTIN_POPCOUNTL 1
#define HAVE___BUILTIN_POPCOUNTLL 1
#define HAVE___BUILTIN_BSWAP32 1
#define HAVE___BUILTIN_BSWAP64 1
#define STDC_HEADERS 1
#define HAVE_SYS_TYPES_H 1
#define HAVE_SYS_STAT_H 1
#define HAVE_STDLIB_H 1
#define HAVE_STRING_H 1
#define HAVE_STRINGS_H 1
#define HAVE_INTTYPES_H 1
#define HAVE_STDINT_H 1
#define HAVE_UNISTD_H 1
#define LT_OBJDIR ".libs/"
#define ARCH i386
#define MACH pc
#define DEBUG /**/
#define TESTS /**/
#define MSIM_KBD_PHYSADDR 
#define MSIM_LP_PHYSADDR 
#define MSIM_DISK_PHYSADDR 
#define MSIM_ORDER_PHYSADDR 
#define MSIM_ORDER_MAILBOX_BASE 
#define MSIM_ORDER_MAILBOX_ORDER 
#define MSIM_RTC_PHYSADDR 
#define MSIM_FIRMWARE_BIN 
#define MSIM_DISK_IMG 
#define HIGHRAM_BASE 
#define HIGHRAM_SIZE 
#define RAM_PHYSBASE 0x00000000
#define KERN_START 0x00000000
#define MEM_SIZE DETECT
#define NR_CPUS DETECT
#define MAX_CPUS NR_CPUS
#define CPU_FREQ DETECT
#define KERN_BASE 0x80000000
#define KMMAP_BASE 0xf0000000
#define RESERVED_BASE 0xfffff000
#define USERTOP 0x7ff00000
#define USTACKSIZE 32768
#define KSTACKSIZE 
#define ROOT_PARTITION_ID 4
#define MAX_PROCESSES 65536
#define PIPE_SIZE 16384
#define FWSTACKORDER 12
#define TIMER_FREQ 100
#define PRIMARY_CONSOLE uart-ns16550
#define PRIMARY_STORAGE 
#define PRIMARY_TIMING 
#define SIMPLE_ALLOCATOR FLFF
#define PAGE_ALLOCATOR FF
#define CACHING_ALLOCATOR SLAB
#define DEVICE_INDEX DEVLIST
#define KMMAP_KEEPER KMLIST

configure: exit 0
